[24752:5804:1217/180537.822:WARNING:chrome_main_delegate.cc(675)] This is Chrome version 131.0.6778.109 (not a warning)
[24752:5804:1217/180537.893:WARNING:account_consistency_mode_manager.cc(77)] Desktop Identity Consistency cannot be enabled as no OAuth client ID and client secret have been configured.
[31168:25636:1217/180537.970:WARNING:viz_main_impl.cc(85)] VizNullHypothesis is disabled (not a warning)
[24752:23364:1217/180538.786:WARNING:browser_info.cc(362)] Returning a speculative frame for [6,9]
[24752:5804:1217/180538.876:WARNING:browser_info.cc(362)] Returning a speculative frame for [9,7]
[24752:5804:1217/180538.876:WARNING:browser_info.cc(362)] Returning a speculative frame for [9,7]
[24752:5804:1217/180538.876:WARNING:browser_info.cc(362)] Returning a speculative frame for [9,7]
[24752:5804:1217/180538.876:WARNING:browser_info.cc(362)] Returning a speculative frame for [9,7]
[24752:5804:1217/180538.878:WARNING:browser_info.cc(362)] Returning a speculative frame for [10,8]
[24752:5804:1217/180538.878:WARNING:browser_info.cc(362)] Returning a speculative frame for [10,8]
[24752:5804:1217/180538.878:WARNING:browser_info.cc(362)] Returning a speculative frame for [10,8]
[24752:5804:1217/180538.878:WARNING:browser_info.cc(362)] Returning a speculative frame for [10,8]
[24752:5804:1217/180538.953:WARNING:browser_info.cc(362)] Returning a speculative frame for [6,9]
[24752:5804:1217/180538.953:WARNING:browser_info.cc(362)] Returning a speculative frame for [6,9]
[24752:5804:1217/180538.953:WARNING:browser_info.cc(362)] Returning a speculative frame for [6,9]
[24752:5804:1217/180538.953:WARNING:browser_info.cc(362)] Returning a speculative frame for [6,9]
[24752:23364:1217/180539.008:WARNING:browser_info.cc(362)] Returning a speculative frame for [11,9]
[24752:23364:1217/180539.020:WARNING:browser_info.cc(362)] Returning a speculative frame for [9,7]
[24752:23364:1217/180539.033:WARNING:browser_info.cc(362)] Returning a speculative frame for [8,6]
[24752:23364:1217/180539.061:WARNING:browser_info.cc(362)] Returning a speculative frame for [10,8]
[24752:5804:1217/180539.103:WARNING:browser_info.cc(362)] Returning a speculative frame for [11,9]
[24752:5804:1217/180539.103:WARNING:browser_info.cc(362)] Returning a speculative frame for [11,9]
[24752:5804:1217/180539.103:WARNING:browser_info.cc(362)] Returning a speculative frame for [11,9]
[24752:5804:1217/180539.103:WARNING:browser_info.cc(362)] Returning a speculative frame for [11,9]
[24752:5804:1217/180539.170:WARNING:browser_info.cc(362)] Returning a speculative frame for [8,6]
[24752:5804:1217/180539.170:WARNING:browser_info.cc(362)] Returning a speculative frame for [8,6]
[24752:5804:1217/180539.170:WARNING:browser_info.cc(362)] Returning a speculative frame for [8,6]
[24752:5804:1217/180539.170:WARNING:browser_info.cc(362)] Returning a speculative frame for [8,6]
[24752:5804:1217/180542.013:ERROR:device_event_log_impl.cc(201)] [18:05:42.003] USB: usb_service_win.cc:105 SetupDiGetDeviceProperty({{A45C254E-DF1C-4EFD-8020-67D146A850E0}, 6}) failed: Element not found. (0x490)
[24752:23364:1217/180639.143:WARNING:browser_info.cc(362)] Returning a speculative frame for [12,9]
[24752:5804:1217/180639.254:WARNING:browser_info.cc(362)] Returning a speculative frame for [15,7]
[24752:5804:1217/180639.254:WARNING:browser_info.cc(362)] Returning a speculative frame for [15,7]
[24752:5804:1217/180639.254:WARNING:browser_info.cc(362)] Returning a speculative frame for [15,7]
[24752:5804:1217/180639.255:WARNING:browser_info.cc(362)] Returning a speculative frame for [15,7]
[24752:5804:1217/180639.256:WARNING:browser_info.cc(362)] Returning a speculative frame for [16,8]
[24752:5804:1217/180639.256:WARNING:browser_info.cc(362)] Returning a speculative frame for [16,8]
[24752:5804:1217/180639.256:WARNING:browser_info.cc(362)] Returning a speculative frame for [16,8]
[24752:5804:1217/180639.256:WARNING:browser_info.cc(362)] Returning a speculative frame for [16,8]
[24752:23364:1217/180639.391:WARNING:browser_info.cc(362)] Returning a speculative frame for [17,9]
[24752:23364:1217/180639.414:WARNING:browser_info.cc(362)] Returning a speculative frame for [15,7]
[24752:23364:1217/180639.414:WARNING:browser_info.cc(362)] Returning a speculative frame for [14,6]
[24752:23364:1217/180639.501:WARNING:browser_info.cc(362)] Returning a speculative frame for [16,8]
[24752:5804:1217/180639.552:WARNING:browser_info.cc(362)] Returning a speculative frame for [17,9]
[24752:5804:1217/180639.552:WARNING:browser_info.cc(362)] Returning a speculative frame for [17,9]
[24752:5804:1217/180639.552:WARNING:browser_info.cc(362)] Returning a speculative frame for [17,9]
[24752:5804:1217/180639.552:WARNING:browser_info.cc(362)] Returning a speculative frame for [17,9]
[24752:5804:1217/180639.585:WARNING:browser_info.cc(362)] Returning a speculative frame for [12,9]
[24752:5804:1217/180639.585:WARNING:browser_info.cc(362)] Returning a speculative frame for [12,9]
[24752:5804:1217/180639.585:WARNING:browser_info.cc(362)] Returning a speculative frame for [12,9]
[24752:5804:1217/180639.585:WARNING:browser_info.cc(362)] Returning a speculative frame for [12,9]
[24752:5804:1217/180639.769:WARNING:browser_info.cc(362)] Returning a speculative frame for [14,6]
[24752:5804:1217/180639.769:WARNING:browser_info.cc(362)] Returning a speculative frame for [14,6]
[24752:5804:1217/180639.769:WARNING:browser_info.cc(362)] Returning a speculative frame for [14,6]
[24752:5804:1217/180639.769:WARNING:browser_info.cc(362)] Returning a speculative frame for [14,6]
